[-] Unloading singularity  4.0.1  on cn1101 
[-] Unloading rapids-singlecell  0.10.4 
[+] Loading singularity  4.0.1  on cn1101 
[+] Loading rapids-singlecell  0.10.4 
Traceback (most recent call last):
  File "/gs10/users/kanferg/Sptial_Omics/SpatialOmicsToolkit/testRapidSiggleCell.py", line 3, in <module>
    adata = sc.read("krasnow_hlca_10x.sparse.h5ad")
            ^^^^^^^^^^^^^^^^^^^^^^^^^^^^^^^^^^^^^^^
  File "/opt/conda/lib/python3.11/site-packages/legacy_api_wrap/__init__.py", line 80, in fn_compatible
    return fn(*args_all, **kw)
           ^^^^^^^^^^^^^^^^^^^
  File "/opt/conda/lib/python3.11/site-packages/scanpy/readwrite.py", line 124, in read
    return _read(
           ^^^^^^
  File "/opt/conda/lib/python3.11/site-packages/scanpy/readwrite.py", line 759, in _read
    return read_h5ad(filename, backed=backed)
           ^^^^^^^^^^^^^^^^^^^^^^^^^^^^^^^^^^
  File "/opt/conda/lib/python3.11/site-packages/anndata/_io/h5ad.py", line 237, in read_h5ad
    with h5py.File(filename, "r") as f:
         ^^^^^^^^^^^^^^^^^^^^^^^^
  File "/opt/conda/lib/python3.11/site-packages/h5py/_hl/files.py", line 562, in __init__
    fid = make_fid(name, mode, userblock_size, fapl, fcpl, swmr=swmr)
          ^^^^^^^^^^^^^^^^^^^^^^^^^^^^^^^^^^^^^^^^^^^^^^^^^^^^^^^^^^^
  File "/opt/conda/lib/python3.11/site-packages/h5py/_hl/files.py", line 235, in make_fid
    fid = h5f.open(name, flags, fapl=fapl)
          ^^^^^^^^^^^^^^^^^^^^^^^^^^^^^^^^
  File "h5py/_objects.pyx", line 54, in h5py._objects.with_phil.wrapper
  File "h5py/_objects.pyx", line 55, in h5py._objects.with_phil.wrapper
  File "h5py/h5f.pyx", line 102, in h5py.h5f.open
FileNotFoundError: [Errno 2] Unable to synchronously open file (unable to open file: name = 'krasnow_hlca_10x.sparse.h5ad', errno = 2, error message = 'No such file or directory', flags = 0, o_flags = 0)
