/gpfs/gsfs10/users/kanferg/conda/envs/squidpy/lib/python3.10/site-packages/anndata/_core/anndata.py:1820: UserWarning: Variable names are not unique. To make them unique, call `.var_names_make_unique`.
  utils.warn_names_duplicates("var")
/gpfs/gsfs10/users/kanferg/conda/envs/squidpy/lib/python3.10/site-packages/anndata/_core/anndata.py:1820: UserWarning: Variable names are not unique. To make them unique, call `.var_names_make_unique`.
  utils.warn_names_duplicates("var")
/gpfs/gsfs10/users/kanferg/conda/envs/squidpy/lib/python3.10/site-packages/scanpy/readwrite.py:476: DtypeWarning: Columns (1,2,3,4,5) have mixed types. Specify dtype option on import or set low_memory=False.
  positions = pd.read_csv(
/gpfs/gsfs10/users/kanferg/conda/envs/squidpy/lib/python3.10/site-packages/scanpy/preprocessing/_normalization.py:206: UserWarning: Received a view of an AnnData. Making a copy.
  view_to_actual(adata)
/gpfs/gsfs10/users/kanferg/conda/envs/squidpy/lib/python3.10/site-packages/scanpy/preprocessing/_pca.py:374: FutureWarning: Argument `use_highly_variable` is deprecated, consider using the mask argument. Use_highly_variable=True can be called through mask_var="highly_variable". Use_highly_variable=False can be called through mask_var=None
  warn(msg, FutureWarning)
Traceback (most recent call last):
  File "/gpfs/gsfs10/users/kanferg/Sptial_Omics/SpatialOmicsToolkit/test_008.py", line 37, in <module>
    sc.tl.pca(andata008, n_comps=50, use_highly_variable=True)
  File "/gpfs/gsfs10/users/kanferg/conda/envs/squidpy/lib/python3.10/site-packages/scanpy/preprocessing/_pca.py", line 181, in pca
    mask_var_param, mask_var = _handle_mask_var(adata, mask_var, use_highly_variable)
  File "/gpfs/gsfs10/users/kanferg/conda/envs/squidpy/lib/python3.10/site-packages/scanpy/preprocessing/_pca.py", line 390, in _handle_mask_var
    return mask_var, _check_mask(adata, mask_var, "var")
  File "/gpfs/gsfs10/users/kanferg/conda/envs/squidpy/lib/python3.10/site-packages/scanpy/get/get.py", line 516, in _check_mask
    raise ValueError(msg)
ValueError: Did not find `adata.var['highly_variable']`. Either add the mask first to `adata.var`or consider using the mask argument with a boolean array.
